<?xml version="1.0" encoding="UTF-8"?>
<testng-results skipped="2" failed="0" ignored="0" total="2" passed="0">
  <reporter-output>
  </reporter-output>
  <suite name="Default suite" duration-ms="589" started-at="2020-12-18T20:20:38Z" finished-at="2020-12-18T20:20:39Z">
    <groups>
      <group name="cucumber">
        <method signature="TestNGHooks.runScenario(io.cucumber.testng.PickleEventWrapper, io.cucumber.testng.CucumberFeatureWrapper)[pri:0, instance:br.com.saraiva.test.runners.CadastroRunner@4cf777e8]" name="runScenario" class="br.com.saraiva.test.runners.hooks.TestNGHooks"/>
      </group> <!-- cucumber -->
    </groups>
    <test name="Default test" duration-ms="589" started-at="2020-12-18T20:20:38Z" finished-at="2020-12-18T20:20:39Z">
      <class name="br.com.saraiva.test.runners.CadastroRunner">
        <test-method status="PASS" signature="setUpClass()[pri:0, instance:br.com.saraiva.test.runners.CadastroRunner@4cf777e8]" name="setUpClass" is-config="true" duration-ms="157" started-at="2020-12-18T20:20:38Z" finished-at="2020-12-18T20:20:38Z">
          <reporter-output>
          </reporter-output>
        </test-method> <!-- setUpClass -->
        <test-method status="SKIP" signature="runScenario(io.cucumber.testng.PickleEventWrapper, io.cucumber.testng.CucumberFeatureWrapper)[pri:0, instance:br.com.saraiva.test.runners.CadastroRunner@4cf777e8]" name="runScenario" duration-ms="218" started-at="2020-12-18T20:20:38Z" description="Cucumber Scenarios" data-provider="scenarios" finished-at="2020-12-18T20:20:38Z">
          <params>
            <param index="0">
              <value>
                <![CDATA["SAR_001C-Cadastro_de_cliente_verificar_radio_button"]]>
              </value>
            </param>
            <param index="1">
              <value>
                <![CDATA["Cadastro de cliente"]]>
              </value>
            </param>
          </params>
          <exception class="org.testng.SkipException">
            <message>
              <![CDATA[There are undefined steps]]>
            </message>
            <full-stacktrace>
              <![CDATA[org.testng.SkipException: There are undefined steps
at io.cucumber.testng.TestCaseResultListener.getError(TestCaseResultListener.java:60)
at io.cucumber.testng.TestNGCucumberRunner.runScenario(TestNGCucumberRunner.java:73)
at br.com.saraiva.test.runners.hooks.TestNGHooks.runScenario(TestNGHooks.java:37)
at sun.reflect.NativeMethodAccessorImpl.invoke0(Native Method)
at sun.reflect.NativeMethodAccessorImpl.invoke(Unknown Source)
at sun.reflect.DelegatingMethodAccessorImpl.invoke(Unknown Source)
at java.lang.reflect.Method.invoke(Unknown Source)
at org.testng.internal.MethodInvocationHelper.invokeMethod(MethodInvocationHelper.java:124)
at org.testng.internal.Invoker.invokeMethod(Invoker.java:580)
at org.testng.internal.Invoker.invokeTestMethod(Invoker.java:716)
at org.testng.internal.Invoker.invokeTestMethods(Invoker.java:988)
at org.testng.internal.TestMethodWorker.invokeTestMethods(TestMethodWorker.java:125)
at org.testng.internal.TestMethodWorker.run(TestMethodWorker.java:109)
at org.testng.TestRunner.privateRun(TestRunner.java:648)
at org.testng.TestRunner.run(TestRunner.java:505)
at org.testng.SuiteRunner.runTest(SuiteRunner.java:455)
at org.testng.SuiteRunner.runSequentially(SuiteRunner.java:450)
at org.testng.SuiteRunner.privateRun(SuiteRunner.java:415)
at org.testng.SuiteRunner.run(SuiteRunner.java:364)
at org.testng.SuiteRunnerWorker.runSuite(SuiteRunnerWorker.java:52)
at org.testng.SuiteRunnerWorker.run(SuiteRunnerWorker.java:84)
at org.testng.TestNG.runSuitesSequentially(TestNG.java:1208)
at org.testng.TestNG.runSuitesLocally(TestNG.java:1137)
at org.testng.TestNG.runSuites(TestNG.java:1049)
at org.testng.TestNG.run(TestNG.java:1017)
at org.testng.remote.AbstractRemoteTestNG.run(AbstractRemoteTestNG.java:114)
at org.testng.remote.RemoteTestNG.initAndRun(RemoteTestNG.java:251)
at org.testng.remote.RemoteTestNG.main(RemoteTestNG.java:77)
]]>
            </full-stacktrace>
          </exception> <!-- org.testng.SkipException -->
          <reporter-output>
          </reporter-output>
        </test-method> <!-- runScenario -->
        <test-method status="PASS" signature="afterScenario(org.testng.ITestResult, org.testng.ITestContext)[pri:0, instance:br.com.saraiva.test.runners.CadastroRunner@4cf777e8]" name="afterScenario" is-config="true" duration-ms="2" started-at="2020-12-18T20:20:38Z" finished-at="2020-12-18T20:20:38Z">
          <params>
            <param index="0">
              <value>
                <![CDATA[[TestResult name=runScenario status=SKIP method=TestNGHooks.runScenario(io.cucumber.testng.PickleEventWrapper, io.cucumber.testng.CucumberFeatureWrapper)[pri:0, instance:br.com.saraiva.test.runners.CadastroRunner@4cf777e8] output={null}]]]>
              </value>
            </param>
            <param index="1">
              <value>
                <![CDATA[org.testng.TestRunner@2de23121]]>
              </value>
            </param>
          </params>
          <reporter-output>
          </reporter-output>
        </test-method> <!-- afterScenario -->
        <test-method status="SKIP" signature="runScenario(io.cucumber.testng.PickleEventWrapper, io.cucumber.testng.CucumberFeatureWrapper)[pri:0, instance:br.com.saraiva.test.runners.CadastroRunner@4cf777e8]" name="runScenario" duration-ms="9" started-at="2020-12-18T20:20:38Z" description="Cucumber Scenarios" data-provider="scenarios" finished-at="2020-12-18T20:20:38Z">
          <params>
            <param index="0">
              <value>
                <![CDATA["SAR_001C-Cadastro_de_cliente_verificar_radio_button"]]>
              </value>
            </param>
            <param index="1">
              <value>
                <![CDATA["Cadastro de cliente"]]>
              </value>
            </param>
          </params>
          <exception class="org.testng.SkipException">
            <message>
              <![CDATA[There are undefined steps]]>
            </message>
            <full-stacktrace>
              <![CDATA[org.testng.SkipException: There are undefined steps
at io.cucumber.testng.TestCaseResultListener.getError(TestCaseResultListener.java:60)
at io.cucumber.testng.TestNGCucumberRunner.runScenario(TestNGCucumberRunner.java:73)
at br.com.saraiva.test.runners.hooks.TestNGHooks.runScenario(TestNGHooks.java:37)
at sun.reflect.NativeMethodAccessorImpl.invoke0(Native Method)
at sun.reflect.NativeMethodAccessorImpl.invoke(Unknown Source)
at sun.reflect.DelegatingMethodAccessorImpl.invoke(Unknown Source)
at java.lang.reflect.Method.invoke(Unknown Source)
at org.testng.internal.MethodInvocationHelper.invokeMethod(MethodInvocationHelper.java:124)
at org.testng.internal.Invoker.invokeMethod(Invoker.java:580)
at org.testng.internal.Invoker.invokeTestMethod(Invoker.java:716)
at org.testng.internal.Invoker.invokeTestMethods(Invoker.java:988)
at org.testng.internal.TestMethodWorker.invokeTestMethods(TestMethodWorker.java:125)
at org.testng.internal.TestMethodWorker.run(TestMethodWorker.java:109)
at org.testng.TestRunner.privateRun(TestRunner.java:648)
at org.testng.TestRunner.run(TestRunner.java:505)
at org.testng.SuiteRunner.runTest(SuiteRunner.java:455)
at org.testng.SuiteRunner.runSequentially(SuiteRunner.java:450)
at org.testng.SuiteRunner.privateRun(SuiteRunner.java:415)
at org.testng.SuiteRunner.run(SuiteRunner.java:364)
at org.testng.SuiteRunnerWorker.runSuite(SuiteRunnerWorker.java:52)
at org.testng.SuiteRunnerWorker.run(SuiteRunnerWorker.java:84)
at org.testng.TestNG.runSuitesSequentially(TestNG.java:1208)
at org.testng.TestNG.runSuitesLocally(TestNG.java:1137)
at org.testng.TestNG.runSuites(TestNG.java:1049)
at org.testng.TestNG.run(TestNG.java:1017)
at org.testng.remote.AbstractRemoteTestNG.run(AbstractRemoteTestNG.java:114)
at org.testng.remote.RemoteTestNG.initAndRun(RemoteTestNG.java:251)
at org.testng.remote.RemoteTestNG.main(RemoteTestNG.java:77)
]]>
            </full-stacktrace>
          </exception> <!-- org.testng.SkipException -->
          <reporter-output>
          </reporter-output>
        </test-method> <!-- runScenario -->
        <test-method status="PASS" signature="afterScenario(org.testng.ITestResult, org.testng.ITestContext)[pri:0, instance:br.com.saraiva.test.runners.CadastroRunner@4cf777e8]" name="afterScenario" is-config="true" duration-ms="1" started-at="2020-12-18T20:20:38Z" finished-at="2020-12-18T20:20:38Z">
          <params>
            <param index="0">
              <value>
                <![CDATA[[TestResult name=runScenario status=SKIP method=TestNGHooks.runScenario(io.cucumber.testng.PickleEventWrapper, io.cucumber.testng.CucumberFeatureWrapper)[pri:0, instance:br.com.saraiva.test.runners.CadastroRunner@4cf777e8] output={null}]]]>
              </value>
            </param>
            <param index="1">
              <value>
                <![CDATA[org.testng.TestRunner@2de23121]]>
              </value>
            </param>
          </params>
          <reporter-output>
          </reporter-output>
        </test-method> <!-- afterScenario -->
        <test-method status="PASS" signature="tearDownClass()[pri:0, instance:br.com.saraiva.test.runners.CadastroRunner@4cf777e8]" name="tearDownClass" is-config="true" duration-ms="79" started-at="2020-12-18T20:20:38Z" finished-at="2020-12-18T20:20:39Z">
          <reporter-output>
          </reporter-output>
        </test-method> <!-- tearDownClass -->
      </class> <!-- br.com.saraiva.test.runners.CadastroRunner -->
    </test> <!-- Default test -->
  </suite> <!-- Default suite -->
</testng-results>
