<?xml version="1.0" encoding="UTF-8"?>
<!-- Generated by org.testng.reporters.JUnitReportReporter -->
<testsuite skipped="0" hostname="SKAR1200667" name="br.com.saraiva.test.runners.CadastroRunner" tests="8" failures="2" timestamp="22 dez 2020 01:56:57 GMT" time="134.650" errors="1">
  <testcase name="runScenario" time="14.413" classname="br.com.saraiva.test.runners.CadastroRunner"/>
  <testcase name="runScenario" time="10.020" classname="br.com.saraiva.test.runners.CadastroRunner"/>
  <testcase name="runScenario" time="30.300" classname="br.com.saraiva.test.runners.CadastroRunner">
    <error type="org.openqa.selenium.NoSuchElementException" message="no such element: Unable to locate element: {&quot;method&quot;:&quot;xpath&quot;,&quot;selector&quot;:&quot;//small[contains(text(),&#039;*&#039;)]&quot;}
  (Session info: chrome=87.0.4280.88)
For documentation on this error, please visit: https://www.seleniumhq.org/exceptions/no_such_element.html
Build info: version: &#039;3.141.59&#039;, revision: &#039;e82be7d358&#039;, time: &#039;2018-11-14T08:17:03&#039;
System info: host: &#039;SKAR1200667&#039;, ip: &#039;192.168.15.32&#039;, os.name: &#039;Windows 10&#039;, os.arch: &#039;amd64&#039;, os.version: &#039;10.0&#039;, java.version: &#039;1.8.0_221&#039;
Driver info: org.openqa.selenium.chrome.ChromeDriver
Capabilities {acceptInsecureCerts: false, browserName: chrome, browserVersion: 87.0.4280.88, chrome: {chromedriverVersion: 87.0.4280.88 (89e2380a3e36c..., userDataDir: C:\Users\DEREK~1.SZA\AppDat...}, goog:chromeOptions: {debuggerAddress: localhost:52771}, javascriptEnabled: true, networkConnectionEnabled: false, pageLoadStrategy: normal, platform: WINDOWS, platformName: WINDOWS, proxy: Proxy(), setWindowRect: true, strictFileInteractability: false, timeouts: {implicit: 0, pageLoad: 300000, script: 30000}, unhandledPromptBehavior: dismiss and notify, webauthn:virtualAuthenticators: true}
Session ID: e89a5df64898b36b3c5b14dc49756a9d
*** Element info: {Using=xpath, value=//small[contains(text(),&#039;*&#039;)]}">
      <![CDATA[org.openqa.selenium.NoSuchElementException: no such element: Unable to locate element: {"method":"xpath","selector":"//small[contains(text(),'*')]"}
  (Session info: chrome=87.0.4280.88)
For documentation on this error, please visit: https://www.seleniumhq.org/exceptions/no_such_element.html
Build info: version: '3.141.59', revision: 'e82be7d358', time: '2018-11-14T08:17:03'
System info: host: 'SKAR1200667', ip: '192.168.15.32', os.name: 'Windows 10', os.arch: 'amd64', os.version: '10.0', java.version: '1.8.0_221'
Driver info: org.openqa.selenium.chrome.ChromeDriver
Capabilities {acceptInsecureCerts: false, browserName: chrome, browserVersion: 87.0.4280.88, chrome: {chromedriverVersion: 87.0.4280.88 (89e2380a3e36c..., userDataDir: C:\Users\DEREK~1.SZA\AppDat...}, goog:chromeOptions: {debuggerAddress: localhost:52771}, javascriptEnabled: true, networkConnectionEnabled: false, pageLoadStrategy: normal, platform: WINDOWS, platformName: WINDOWS, proxy: Proxy(), setWindowRect: true, strictFileInteractability: false, timeouts: {implicit: 0, pageLoad: 300000, script: 30000}, unhandledPromptBehavior: dismiss and notify, webauthn:virtualAuthenticators: true}
Session ID: e89a5df64898b36b3c5b14dc49756a9d
*** Element info: {Using=xpath, value=//small[contains(text(),'*')]}
at sun.reflect.NativeConstructorAccessorImpl.newInstance0(Native Method)
at sun.reflect.NativeConstructorAccessorImpl.newInstance(Unknown Source)
at sun.reflect.DelegatingConstructorAccessorImpl.newInstance(Unknown Source)
at java.lang.reflect.Constructor.newInstance(Unknown Source)
at org.openqa.selenium.remote.http.W3CHttpResponseCodec.createException(W3CHttpResponseCodec.java:187)
at org.openqa.selenium.remote.http.W3CHttpResponseCodec.decode(W3CHttpResponseCodec.java:122)
at org.openqa.selenium.remote.http.W3CHttpResponseCodec.decode(W3CHttpResponseCodec.java:49)
at org.openqa.selenium.remote.HttpCommandExecutor.execute(HttpCommandExecutor.java:158)
at org.openqa.selenium.remote.service.DriverCommandExecutor.execute(DriverCommandExecutor.java:83)
at org.openqa.selenium.remote.RemoteWebDriver.execute(RemoteWebDriver.java:552)
at org.openqa.selenium.remote.RemoteWebDriver.findElement(RemoteWebDriver.java:323)
at org.openqa.selenium.remote.RemoteWebDriver.findElementByXPath(RemoteWebDriver.java:428)
at org.openqa.selenium.By$ByXPath.findElement(By.java:353)
at org.openqa.selenium.remote.RemoteWebDriver.findElement(RemoteWebDriver.java:315)
at org.openqa.selenium.support.pagefactory.DefaultElementLocator.findElement(DefaultElementLocator.java:69)
at org.openqa.selenium.support.pagefactory.internal.LocatingElementHandler.invoke(LocatingElementHandler.java:38)
at com.sun.proxy.$Proxy19.isDisplayed(Unknown Source)
at org.openqa.selenium.support.ui.ExpectedConditions.elementIfVisible(ExpectedConditions.java:314)
at org.openqa.selenium.support.ui.ExpectedConditions.access$000(ExpectedConditions.java:43)
at org.openqa.selenium.support.ui.ExpectedConditions$10.apply(ExpectedConditions.java:300)
at org.openqa.selenium.support.ui.ExpectedConditions$10.apply(ExpectedConditions.java:297)
at org.openqa.selenium.support.ui.ExpectedConditions$23.apply(ExpectedConditions.java:670)
at org.openqa.selenium.support.ui.ExpectedConditions$23.apply(ExpectedConditions.java:666)
at org.openqa.selenium.support.ui.FluentWait.until(FluentWait.java:249)
at br.com.saraiva.core.utils.SeleniumActions.fluentlyWaitUntilClickable(SeleniumActions.java:49)
at br.com.saraiva.core.utils.SeleniumActions.fluentlyWaitUntilClickable(SeleniumActions.java:53)
at br.com.saraiva.core.utils.SeleniumActions.waitForElementToBeDisplayed(SeleniumActions.java:68)
at br.com.saraiva.core.utils.SeleniumActions.validate(SeleniumActions.java:149)
at br.com.saraiva.test.logic.CadastroLogic.validaAsterisco(CadastroLogic.java:129)
at br.com.saraiva.test.steps.CadastroSteps.valido_os_asteriscos_vermelhos_em_campos_obrigatórios(CadastroSteps.java:79)
at ✽.valido os asteriscos vermelhos em campos obrigatórios(classpath:features/buscaProduto.feature:26)
]]>
    </error>
  </testcase> <!-- runScenario -->
  <testcase name="runScenario" time="14.050" classname="br.com.saraiva.test.runners.CadastroRunner">
    <failure type="java.lang.AssertionError" message="null">
      <![CDATA[java.lang.AssertionError: null
at org.testng.Assert.fail(Assert.java:96)
at org.testng.Assert.fail(Assert.java:103)
at br.com.saraiva.core.utils.SeleniumActions.failTest(SeleniumActions.java:185)
at br.com.saraiva.test.logic.CadastroLogic.validaRadio(CadastroLogic.java:141)
at br.com.saraiva.test.steps.CadastroSteps.valido_o_radio_button_de_receber_ou_não_ofertas(CadastroSteps.java:85)
at ✽.valido o radio button de receber ou não ofertas(classpath:features/buscaProduto.feature:39)
]]>
    </failure>
  </testcase> <!-- runScenario -->
  <testcase name="runScenario" time="30.232" classname="br.com.saraiva.test.runners.CadastroRunner"/>
  <testcase name="runScenario" time="10.450" classname="br.com.saraiva.test.runners.CadastroRunner"/>
  <testcase name="runScenario" time="14.703" classname="br.com.saraiva.test.runners.CadastroRunner"/>
  <testcase name="runScenario" time="10.482" classname="br.com.saraiva.test.runners.CadastroRunner">
    <failure type="java.lang.AssertionError" message="null">
      <![CDATA[java.lang.AssertionError: null
at org.testng.Assert.fail(Assert.java:96)
at org.testng.Assert.fail(Assert.java:103)
at br.com.saraiva.core.utils.SeleniumActions.failTest(SeleniumActions.java:185)
at br.com.saraiva.test.logic.CadastroLogic.validaErroGrafiaLabelErroCPF(CadastroLogic.java:167)
at br.com.saraiva.test.steps.CadastroSteps.valido_os_a_grafia_correta_do_campo_de_CPF(CadastroSteps.java:106)
at ✽.valido os a grafia correta do campo de CPF(classpath:features/buscaProduto.feature:33)
]]>
    </failure>
  </testcase> <!-- runScenario -->
</testsuite> <!-- br.com.saraiva.test.runners.CadastroRunner -->
